生成启动时间为 2015/1/19 10:16:44。
     1>项目“F:\HM-12.0\build\vc10\TAppEncoder_vc10.vcxproj”在节点 2 上(build 个目标)。
     1>InitializeBuildStatus:
         正在创建“F:\HM-12.0\build\\vc10\Win32\Debug\TAppEncoder\TAppEncoder.unsuccessfulbuild”，因为已指定“AlwaysCreate”。
       ClCompile:
         C:\Program Files\Microsoft Visual Studio 10.0\VC\bin\CL.exe /c /I"F:\HM-12.0\build\\..\source\Lib\\" /I"F:\HM-12.0\build\\..\compat\msvc" /ZI /nologo /W3 /WX- /Od /Oy- /D WIN32 /D _DEBUG /D _CONSOLE /D _CRT_SECURE_NO_WARNINGS /D _MBCS /Gm /EHsc /RTC1 /MTd /GS /fp:precise /Zc:wchar_t /Zc:forScope /Fo"F:\HM-12.0\build\\vc10\Win32\Debug\TAppEncoder\\" /Fd"F:\HM-12.0\build\\vc10\Win32\Debug\TAppEncoder\vc100.pdb" /Gd /TP /analyze- /errorReport:prompt ..\..\source\App\TAppEncoder\encmain.cpp ..\..\source\App\TAppEncoder\TAppEncCfg.cpp ..\..\source\App\TAppEncoder\TAppEncTop.cpp
         TAppEncTop.cpp
         TAppEncCfg.cpp
         encmain.cpp
         正在生成代码...
       ManifestResourceCompile:
         C:\Program Files\Microsoft SDKs\Windows\v7.0A\bin\rc.exe /nologo /fo"F:\HM-12.0\build\\vc10\Win32\Debug\TAppEncoder\TAppEncoder.exe.embed.manifest.res" F:\HM-12.0\build\\vc10\Win32\Debug\TAppEncoder\TAppEncoder_manifest.rc 
       Link:
         C:\Program Files\Microsoft Visual Studio 10.0\VC\bin\link.exe /ERRORREPORT:PROMPT /OUT:"F:\HM-12.0\build\\..\bin\vc10\Win32\Debug\TAppEncoder.exe" /INCREMENTAL /NOLOGO kernel32.lib user32.lib gdi32.lib winspool.lib comdlg32.lib advapi32.lib shell32.lib ole32.lib oleaut32.lib uuid.lib odbc32.lib odbccp32.lib /MANIFEST /ManifestFile:"F:\HM-12.0\build\\vc10\Win32\Debug\TAppEncoder\TAppEncoder.exe.intermediate.manifest" /MANIFESTUAC:"level='asInvoker' uiAccess='false'" /DEBUG /PDB:"F:\HM-12.0\bin\vc10\Win32\Debug\TAppEncoder.pdb" /SUBSYSTEM:CONSOLE /TLBID:1 /DYNAMICBASE /NXCOMPAT /IMPLIB:"F:\HM-12.0\build\\..\bin\vc10\Win32\Debug\TAppEncoder.lib" /MACHINE:X86 "F:\HM-12.0\build\\vc10\Win32\Debug\TAppEncoder\TAppEncoder.exe.embed.manifest.res"
         "F:\HM-12.0\build\\vc10\Win32\Debug\TAppEncoder\encmain.obj"
         "F:\HM-12.0\build\\vc10\Win32\Debug\TAppEncoder\TAppEncCfg.obj"
         "F:\HM-12.0\build\\vc10\Win32\Debug\TAppEncoder\TAppEncTop.obj"
         "F:\HM-12.0\build\vc10\Win32\Debug\TAppCommon\TAppCommon.lib"
         "F:\HM-12.0\build\vc10\Win32\Debug\TLibCommon\TLibCommon.lib"
         "F:\HM-12.0\build\vc10\Win32\Debug\TLibEncoder\TLibEncoder.lib"
         "F:\HM-12.0\build\vc10\Win32\Debug\TLibVideoIo\TLibVideoIO.lib"
       Manifest:
         C:\Program Files\Microsoft SDKs\Windows\v7.0A\bin\mt.exe /nologo /verbose /out:"F:\HM-12.0\build\\vc10\Win32\Debug\TAppEncoder\TAppEncoder.exe.embed.manifest" /manifest "F:\HM-12.0\build\\vc10\Win32\Debug\TAppEncoder\TAppEncoder.exe.intermediate.manifest"
         C:\Program Files\Microsoft SDKs\Windows\v7.0A\bin\rc.exe /nologo /fo"F:\HM-12.0\build\\vc10\Win32\Debug\TAppEncoder\TAppEncoder.exe.embed.manifest.res" F:\HM-12.0\build\\vc10\Win32\Debug\TAppEncoder\TAppEncoder_manifest.rc 
       LinkEmbedManifest:
         C:\Program Files\Microsoft Visual Studio 10.0\VC\bin\link.exe /ERRORREPORT:PROMPT /OUT:"F:\HM-12.0\build\\..\bin\vc10\Win32\Debug\TAppEncoder.exe" /INCREMENTAL /NOLOGO kernel32.lib user32.lib gdi32.lib winspool.lib comdlg32.lib advapi32.lib shell32.lib ole32.lib oleaut32.lib uuid.lib odbc32.lib odbccp32.lib /MANIFEST /ManifestFile:"F:\HM-12.0\build\\vc10\Win32\Debug\TAppEncoder\TAppEncoder.exe.intermediate.manifest" /MANIFESTUAC:"level='asInvoker' uiAccess='false'" /DEBUG /PDB:"F:\HM-12.0\bin\vc10\Win32\Debug\TAppEncoder.pdb" /SUBSYSTEM:CONSOLE /TLBID:1 /DYNAMICBASE /NXCOMPAT /IMPLIB:"F:\HM-12.0\build\\..\bin\vc10\Win32\Debug\TAppEncoder.lib" /MACHINE:X86 "F:\HM-12.0\build\\vc10\Win32\Debug\TAppEncoder\TAppEncoder.exe.embed.manifest.res"
         "F:\HM-12.0\build\\vc10\Win32\Debug\TAppEncoder\encmain.obj"
         "F:\HM-12.0\build\\vc10\Win32\Debug\TAppEncoder\TAppEncCfg.obj"
         "F:\HM-12.0\build\\vc10\Win32\Debug\TAppEncoder\TAppEncTop.obj"
         "F:\HM-12.0\build\vc10\Win32\Debug\TAppCommon\TAppCommon.lib"
         "F:\HM-12.0\build\vc10\Win32\Debug\TLibCommon\TLibCommon.lib"
         "F:\HM-12.0\build\vc10\Win32\Debug\TLibEncoder\TLibEncoder.lib"
         "F:\HM-12.0\build\vc10\Win32\Debug\TLibVideoIo\TLibVideoIO.lib"
         TAppEncoder_vc10.vcxproj -> F:\HM-12.0\build\\..\bin\vc10\Win32\Debug\TAppEncoder.exe
       FinalizeBuildStatus:
         正在删除文件“F:\HM-12.0\build\\vc10\Win32\Debug\TAppEncoder\TAppEncoder.unsuccessfulbuild”。
         正在对“F:\HM-12.0\build\\vc10\Win32\Debug\TAppEncoder\TAppEncoder.lastbuildstate”执行 Touch 任务。
     1>已完成生成项目“F:\HM-12.0\build\vc10\TAppEncoder_vc10.vcxproj”(build 个目标)的操作。

生成成功。

已用时间 00:00:11.40
