生成启动时间为 2014/12/23 10:22:07。
     1>项目“F:\HM-12.0\build\vc9\TLibDecoder_vc9.vcxproj”在节点 2 上(build 个目标)。
     1>InitializeBuildStatus:
         正在创建“F:\HM-12.0\build\\vc9\Win32\Debug\TLibDecoder\TLibDecoder.unsuccessfulbuild”，因为已指定“AlwaysCreate”。
       ClCompile:
         F:\gundam\MS2010\VC\bin\CL.exe /c /I"F:\HM-12.0\build\\..\source\Lib\\" /I"F:\HM-12.0\build\\..\compat\msvc" /ZI /nologo /W3 /WX- /Od /Oy- /D WIN32 /D _DEBUG /D _LIB /D _CRT_SECURE_NO_WARNINGS /D _MBCS /Gm /EHsc /RTC1 /MTd /GS /fp:precise /Zc:wchar_t /Zc:forScope /Fo"F:\HM-12.0\build\\vc9\Win32\Debug\TLibDecoder\\" /Fd"F:\HM-12.0\build\\vc9\Win32\Debug\TLibDecoder\vc100.pdb" /Gd /TP /analyze- /errorReport:prompt ..\..\source\Lib\TLibDecoder\AnnexBread.cpp ..\..\source\Lib\TLibDecoder\NALread.cpp ..\..\source\Lib\TLibDecoder\SEIread.cpp ..\..\source\Lib\TLibDecoder\SyntaxElementParser.cpp ..\..\source\Lib\TLibDecoder\TDecBinCoderCABAC.cpp ..\..\source\Lib\TLibDecoder\TDecCAVLC.cpp ..\..\source\Lib\TLibDecoder\TDecCu.cpp ..\..\source\Lib\TLibDecoder\TDecEntropy.cpp ..\..\source\Lib\TLibDecoder\TDecGop.cpp ..\..\source\Lib\TLibDecoder\TDecSbac.cpp ..\..\source\Lib\TLibDecoder\TDecSlice.cpp ..\..\source\Lib\TLibDecoder\TDecTop.cpp
         TDecTop.cpp
         TDecSlice.cpp
         TDecSbac.cpp
         TDecGop.cpp
         TDecEntropy.cpp
         TDecCu.cpp
         TDecCAVLC.cpp
         TDecBinCoderCABAC.cpp
         SyntaxElementParser.cpp
         SEIread.cpp
         NALread.cpp
         AnnexBread.cpp
         正在生成代码...
       Lib:
         F:\gundam\MS2010\VC\bin\Lib.exe /OUT:"F:\HM-12.0\build\\vc9\Win32\Debug\TLibDecoder\TLibDecoder.lib" /NOLOGO "F:\HM-12.0\build\\vc9\Win32\Debug\TLibDecoder\AnnexBread.obj"
         "F:\HM-12.0\build\\vc9\Win32\Debug\TLibDecoder\NALread.obj"
         "F:\HM-12.0\build\\vc9\Win32\Debug\TLibDecoder\SEIread.obj"
         "F:\HM-12.0\build\\vc9\Win32\Debug\TLibDecoder\SyntaxElementParser.obj"
         "F:\HM-12.0\build\\vc9\Win32\Debug\TLibDecoder\TDecBinCoderCABAC.obj"
         "F:\HM-12.0\build\\vc9\Win32\Debug\TLibDecoder\TDecCAVLC.obj"
         "F:\HM-12.0\build\\vc9\Win32\Debug\TLibDecoder\TDecCu.obj"
         "F:\HM-12.0\build\\vc9\Win32\Debug\TLibDecoder\TDecEntropy.obj"
         "F:\HM-12.0\build\\vc9\Win32\Debug\TLibDecoder\TDecGop.obj"
         "F:\HM-12.0\build\\vc9\Win32\Debug\TLibDecoder\TDecSbac.obj"
         "F:\HM-12.0\build\\vc9\Win32\Debug\TLibDecoder\TDecSlice.obj"
         "F:\HM-12.0\build\\vc9\Win32\Debug\TLibDecoder\TDecTop.obj"
         TLibDecoder_vc9.vcxproj -> F:\HM-12.0\build\\vc9\Win32\Debug\TLibDecoder\TLibDecoder.lib
       FinalizeBuildStatus:
         正在删除文件“F:\HM-12.0\build\\vc9\Win32\Debug\TLibDecoder\TLibDecoder.unsuccessfulbuild”。
         正在对“F:\HM-12.0\build\\vc9\Win32\Debug\TLibDecoder\TLibDecoder.lastbuildstate”执行 Touch 任务。
     1>已完成生成项目“F:\HM-12.0\build\vc9\TLibDecoder_vc9.vcxproj”(build 个目标)的操作。

生成成功。

已用时间 00:00:10.34
