G:\HM-12.0_MODIFIED\BIN\VC10\WIN32\DEBUG\TAPPDECODER.EXE
G:\HM-12.0_MODIFIED\BIN\VC10\WIN32\DEBUG\TAPPDECODER.ILK
G:\HM-12.0_MODIFIED\BIN\VC10\WIN32\DEBUG\TAPPDECODER.PDB
G:\HM-12.0_modified\build\\..\bin\vc10\Win32\Debug\TAppDecoder.exe
G:\HM-12.0_modified\build\\..\bin\vc10\Win32\Debug\TAppDecoder.ilk
G:\HM-12.0_modified\build\\..\bin\vc10\Win32\Debug\TAppDecoder.pdb
G:\HM-12.0_modified\build\vc10\Win32\Debug\TAppDecoder\cl.command.1.tlog
G:\HM-12.0_modified\build\vc10\Win32\Debug\TAppDecoder\CL.read.1.tlog
G:\HM-12.0_modified\build\vc10\Win32\Debug\TAppDecoder\CL.write.1.tlog
G:\HM-12.0_MODIFIED\BUILD\VC10\WIN32\DEBUG\TAPPDECODER\DECMAIN.OBJ
G:\HM-12.0_modified\build\vc10\Win32\Debug\TAppDecoder\link.2944.read.1.tlog
G:\HM-12.0_modified\build\vc10\Win32\Debug\TAppDecoder\link.2944.write.1.tlog
G:\HM-12.0_modified\build\vc10\Win32\Debug\TAppDecoder\link.2944-cvtres.read.1.tlog
G:\HM-12.0_modified\build\vc10\Win32\Debug\TAppDecoder\link.2944-cvtres.write.1.tlog
G:\HM-12.0_modified\build\vc10\Win32\Debug\TAppDecoder\link.command.1.tlog
G:\HM-12.0_modified\build\vc10\Win32\Debug\TAppDecoder\link.read.1.tlog
G:\HM-12.0_modified\build\vc10\Win32\Debug\TAppDecoder\link.write.1.tlog
G:\HM-12.0_modified\build\vc10\Win32\Debug\TAppDecoder\link-cvtres.read.1.tlog
G:\HM-12.0_modified\build\vc10\Win32\Debug\TAppDecoder\link-cvtres.write.1.tlog
G:\HM-12.0_modified\build\vc10\Win32\Debug\TAppDecoder\mt.command.1.tlog
G:\HM-12.0_modified\build\vc10\Win32\Debug\TAppDecoder\mt.read.1.tlog
G:\HM-12.0_modified\build\vc10\Win32\Debug\TAppDecoder\mt.write.1.tlog
G:\HM-12.0_modified\build\vc10\Win32\Debug\TAppDecoder\rc.command.1.tlog
G:\HM-12.0_modified\build\vc10\Win32\Debug\TAppDecoder\rc.read.1.tlog
G:\HM-12.0_modified\build\vc10\Win32\Debug\TAppDecoder\rc.write.1.tlog
G:\HM-12.0_MODIFIED\BUILD\VC10\WIN32\DEBUG\TAPPDECODER\TAPPDECCFG.OBJ
G:\HM-12.0_MODIFIED\BUILD\VC10\WIN32\DEBUG\TAPPDECODER\TAPPDECODER.EXE.EMBED.MANIFEST
G:\HM-12.0_MODIFIED\BUILD\VC10\WIN32\DEBUG\TAPPDECODER\TAPPDECODER.EXE.EMBED.MANIFEST.RES
G:\HM-12.0_MODIFIED\BUILD\VC10\WIN32\DEBUG\TAPPDECODER\TAPPDECODER.EXE.INTERMEDIATE.MANIFEST
G:\HM-12.0_modified\build\vc10\Win32\Debug\TAppDecoder\TAppDecoder.write.1.tlog
G:\HM-12.0_modified\build\vc10\Win32\Debug\TAppDecoder\TAppDecoder_manifest.rc
G:\HM-12.0_MODIFIED\BUILD\VC10\WIN32\DEBUG\TAPPDECODER\TAPPDECTOP.OBJ
G:\HM-12.0_modified\build\vc10\Win32\Debug\TAppDecoder\vc100.idb
G:\HM-12.0_MODIFIED\BUILD\VC10\WIN32\DEBUG\TAPPDECODER\VC100.PDB
