G:\HM-12.0_modified\build\\vc10\Win32\Debug\TLibEncoder\TLibEncoder.lib
G:\HM-12.0_modified\build\vc10\Win32\Debug\TLibEncoder\cl.command.1.tlog
G:\HM-12.0_modified\build\vc10\Win32\Debug\TLibEncoder\CL.read.1.tlog
G:\HM-12.0_modified\build\vc10\Win32\Debug\TLibEncoder\CL.write.1.tlog
G:\HM-12.0_modified\build\vc10\Win32\Debug\TLibEncoder\lib.command.1.tlog
G:\HM-12.0_modified\build\vc10\Win32\Debug\TLibEncoder\Lib-link.read.1.tlog
G:\HM-12.0_modified\build\vc10\Win32\Debug\TLibEncoder\Lib-link.write.1.tlog
G:\HM-12.0_MODIFIED\BUILD\VC10\WIN32\DEBUG\TLIBENCODER\NALWRITE.OBJ
G:\HM-12.0_MODIFIED\BUILD\VC10\WIN32\DEBUG\TLIBENCODER\SEIWRITE.OBJ
G:\HM-12.0_MODIFIED\BUILD\VC10\WIN32\DEBUG\TLIBENCODER\SYNTAXELEMENTWRITER.OBJ
G:\HM-12.0_MODIFIED\BUILD\VC10\WIN32\DEBUG\TLIBENCODER\TENCANALYZE.OBJ
G:\HM-12.0_MODIFIED\BUILD\VC10\WIN32\DEBUG\TLIBENCODER\TENCBINCODERCABAC.OBJ
G:\HM-12.0_MODIFIED\BUILD\VC10\WIN32\DEBUG\TLIBENCODER\TENCBINCODERCABACCOUNTER.OBJ
G:\HM-12.0_MODIFIED\BUILD\VC10\WIN32\DEBUG\TLIBENCODER\TENCCAVLC.OBJ
G:\HM-12.0_MODIFIED\BUILD\VC10\WIN32\DEBUG\TLIBENCODER\TENCCU.OBJ
G:\HM-12.0_MODIFIED\BUILD\VC10\WIN32\DEBUG\TLIBENCODER\TENCENTROPY.OBJ
G:\HM-12.0_MODIFIED\BUILD\VC10\WIN32\DEBUG\TLIBENCODER\TENCGOP.OBJ
G:\HM-12.0_MODIFIED\BUILD\VC10\WIN32\DEBUG\TLIBENCODER\TENCPIC.OBJ
G:\HM-12.0_MODIFIED\BUILD\VC10\WIN32\DEBUG\TLIBENCODER\TENCPREANALYZER.OBJ
G:\HM-12.0_MODIFIED\BUILD\VC10\WIN32\DEBUG\TLIBENCODER\TENCRATECTRL.OBJ
G:\HM-12.0_MODIFIED\BUILD\VC10\WIN32\DEBUG\TLIBENCODER\TENCSAMPLEADAPTIVEOFFSET.OBJ
G:\HM-12.0_MODIFIED\BUILD\VC10\WIN32\DEBUG\TLIBENCODER\TENCSBAC.OBJ
G:\HM-12.0_MODIFIED\BUILD\VC10\WIN32\DEBUG\TLIBENCODER\TENCSEARCH.OBJ
G:\HM-12.0_MODIFIED\BUILD\VC10\WIN32\DEBUG\TLIBENCODER\TENCSLICE.OBJ
G:\HM-12.0_MODIFIED\BUILD\VC10\WIN32\DEBUG\TLIBENCODER\TENCTOP.OBJ
G:\HM-12.0_MODIFIED\BUILD\VC10\WIN32\DEBUG\TLIBENCODER\TLIBENCODER.LIB
G:\HM-12.0_modified\build\vc10\Win32\Debug\TLibEncoder\TLibEncoder.write.1.tlog
G:\HM-12.0_modified\build\vc10\Win32\Debug\TLibEncoder\vc100.idb
G:\HM-12.0_MODIFIED\BUILD\VC10\WIN32\DEBUG\TLIBENCODER\VC100.PDB
G:\HM-12.0_MODIFIED\BUILD\VC10\WIN32\DEBUG\TLIBENCODER\WEIGHTPREDANALYSIS.OBJ
