G:\HM-12.0_modified\build\\vc10\Win32\Debug\TLibDecoder\TLibDecoder.lib
G:\HM-12.0_MODIFIED\BUILD\VC10\WIN32\DEBUG\TLIBDECODER\ANNEXBREAD.OBJ
G:\HM-12.0_modified\build\vc10\Win32\Debug\TLibDecoder\cl.command.1.tlog
G:\HM-12.0_modified\build\vc10\Win32\Debug\TLibDecoder\CL.read.1.tlog
G:\HM-12.0_modified\build\vc10\Win32\Debug\TLibDecoder\CL.write.1.tlog
G:\HM-12.0_modified\build\vc10\Win32\Debug\TLibDecoder\lib.command.1.tlog
G:\HM-12.0_modified\build\vc10\Win32\Debug\TLibDecoder\Lib-link.read.1.tlog
G:\HM-12.0_modified\build\vc10\Win32\Debug\TLibDecoder\Lib-link.write.1.tlog
G:\HM-12.0_MODIFIED\BUILD\VC10\WIN32\DEBUG\TLIBDECODER\NALREAD.OBJ
G:\HM-12.0_MODIFIED\BUILD\VC10\WIN32\DEBUG\TLIBDECODER\SEIREAD.OBJ
G:\HM-12.0_MODIFIED\BUILD\VC10\WIN32\DEBUG\TLIBDECODER\SYNTAXELEMENTPARSER.OBJ
G:\HM-12.0_MODIFIED\BUILD\VC10\WIN32\DEBUG\TLIBDECODER\TDECBINCODERCABAC.OBJ
G:\HM-12.0_MODIFIED\BUILD\VC10\WIN32\DEBUG\TLIBDECODER\TDECCAVLC.OBJ
G:\HM-12.0_MODIFIED\BUILD\VC10\WIN32\DEBUG\TLIBDECODER\TDECCU.OBJ
G:\HM-12.0_MODIFIED\BUILD\VC10\WIN32\DEBUG\TLIBDECODER\TDECENTROPY.OBJ
G:\HM-12.0_MODIFIED\BUILD\VC10\WIN32\DEBUG\TLIBDECODER\TDECGOP.OBJ
G:\HM-12.0_MODIFIED\BUILD\VC10\WIN32\DEBUG\TLIBDECODER\TDECSBAC.OBJ
G:\HM-12.0_MODIFIED\BUILD\VC10\WIN32\DEBUG\TLIBDECODER\TDECSLICE.OBJ
G:\HM-12.0_MODIFIED\BUILD\VC10\WIN32\DEBUG\TLIBDECODER\TDECTOP.OBJ
G:\HM-12.0_MODIFIED\BUILD\VC10\WIN32\DEBUG\TLIBDECODER\TLIBDECODER.LIB
G:\HM-12.0_modified\build\vc10\Win32\Debug\TLibDecoder\TLibDecoder.write.1.tlog
G:\HM-12.0_modified\build\vc10\Win32\Debug\TLibDecoder\vc100.idb
G:\HM-12.0_MODIFIED\BUILD\VC10\WIN32\DEBUG\TLIBDECODER\VC100.PDB
