生成启动时间为 2015/1/10 15:10:09。
     1>项目“F:\HM-12.0\build\vc9\TAppDecoder_vc9.vcxproj”在节点 2 上(build 个目标)。
     1>InitializeBuildStatus:
         正在创建“F:\HM-12.0\build\\vc9\Win32\Debug\TAppDecoder\TAppDecoder.unsuccessfulbuild”，因为已指定“AlwaysCreate”。
       ClCompile:
         所有输出均为最新。
       ManifestResourceCompile:
         所有输出均为最新。
       Link:
         F:\gundam\MS2010\VC\bin\link.exe /ERRORREPORT:PROMPT /OUT:"F:\HM-12.0\build\\..\bin\vc9\Win32\Debug\TAppDecoder.exe" /INCREMENTAL /NOLOGO cv.lib cxcore.lib highgui.lib kernel32.lib user32.lib gdi32.lib winspool.lib comdlg32.lib advapi32.lib shell32.lib ole32.lib oleaut32.lib uuid.lib odbc32.lib odbccp32.lib /MANIFEST /ManifestFile:"F:\HM-12.0\build\\vc9\Win32\Debug\TAppDecoder\TAppDecoder.exe.intermediate.manifest" /MANIFESTUAC:"level='asInvoker' uiAccess='false'" /DEBUG /PDB:"F:\HM-12.0\bin\vc9\Win32\Debug\TAppDecoder.pdb" /SUBSYSTEM:CONSOLE /TLBID:1 /DYNAMICBASE /NXCOMPAT /IMPLIB:"F:\HM-12.0\build\\..\bin\vc9\Win32\Debug\TAppDecoder.lib" /MACHINE:X86 "F:\HM-12.0\build\\vc9\Win32\Debug\TAppDecoder\TAppDecoder.exe.embed.manifest.res"
         "F:\HM-12.0\build\\vc9\Win32\Debug\TAppDecoder\decmain.obj"
         "F:\HM-12.0\build\\vc9\Win32\Debug\TAppDecoder\TAppDecCfg.obj"
         "F:\HM-12.0\build\\vc9\Win32\Debug\TAppDecoder\TAppDecTop.obj"
         "F:\HM-12.0\build\vc9\Win32\Debug\TAppCommon\TAppCommon.lib"
         "F:\HM-12.0\build\vc9\Win32\Debug\TLibCommon\TLibCommon.lib"
         "F:\HM-12.0\build\vc9\Win32\Debug\TLibDecoder\TLibDecoder.lib"
         "F:\HM-12.0\build\vc9\Win32\Debug\TLibVideoIo\TLibVideoIO.lib"
       Manifest:
         C:\Program Files\Microsoft SDKs\Windows\v7.0A\bin\mt.exe /nologo /verbose /out:"F:\HM-12.0\build\\vc9\Win32\Debug\TAppDecoder\TAppDecoder.exe.embed.manifest" /manifest "F:\HM-12.0\build\\vc9\Win32\Debug\TAppDecoder\TAppDecoder.exe.intermediate.manifest"
         所有输出均为最新。
       LinkEmbedManifest:
         所有输出均为最新。
         TAppDecoder_vc9.vcxproj -> F:\HM-12.0\build\\..\bin\vc9\Win32\Debug\TAppDecoder.exe
       FinalizeBuildStatus:
         正在删除文件“F:\HM-12.0\build\\vc9\Win32\Debug\TAppDecoder\TAppDecoder.unsuccessfulbuild”。
         正在对“F:\HM-12.0\build\\vc9\Win32\Debug\TAppDecoder\TAppDecoder.lastbuildstate”执行 Touch 任务。
     1>已完成生成项目“F:\HM-12.0\build\vc9\TAppDecoder_vc9.vcxproj”(build 个目标)的操作。

生成成功。

已用时间 00:00:19.82
