生成启动时间为 2015/1/10 13:29:22。
     1>项目“F:\HM-12.0\build\vc9\TLibCommon_vc9.vcxproj”在节点 3 上(build 个目标)。
     1>InitializeBuildStatus:
         正在创建“F:\HM-12.0\build\\vc9\Win32\Debug\TLibCommon\TLibCommon.unsuccessfulbuild”，因为已指定“AlwaysCreate”。
       ClCompile:
         所有输出均为最新。
         所有输出均为最新。
       Lib:
         F:\gundam\MS2010\VC\bin\Lib.exe /OUT:"F:\HM-12.0\build\\vc9\Win32\Debug\TLibCommon\TLibCommon.lib" /NOLOGO "F:\HM-12.0\build\\vc9\Win32\Debug\TLibCommon\ContextModel.obj"
         "F:\HM-12.0\build\\vc9\Win32\Debug\TLibCommon\ContextModel3DBuffer.obj"
         "F:\HM-12.0\build\\vc9\Win32\Debug\TLibCommon\libmd5.obj"
         "F:\HM-12.0\build\\vc9\Win32\Debug\TLibCommon\SEI.obj"
         "F:\HM-12.0\build\\vc9\Win32\Debug\TLibCommon\TComBitStream.obj"
         "F:\HM-12.0\build\\vc9\Win32\Debug\TLibCommon\TComCABACTables.obj"
         "F:\HM-12.0\build\\vc9\Win32\Debug\TLibCommon\TComDataCU.obj"
         "F:\HM-12.0\build\\vc9\Win32\Debug\TLibCommon\TComInterpolationFilter.obj"
         "F:\HM-12.0\build\\vc9\Win32\Debug\TLibCommon\TComLoopFilter.obj"
         "F:\HM-12.0\build\\vc9\Win32\Debug\TLibCommon\TComMotionInfo.obj"
         "F:\HM-12.0\build\\vc9\Win32\Debug\TLibCommon\TComPattern.obj"
         "F:\HM-12.0\build\\vc9\Win32\Debug\TLibCommon\TComPic.obj"
         "F:\HM-12.0\build\\vc9\Win32\Debug\TLibCommon\TComPicSym.obj"
         "F:\HM-12.0\build\\vc9\Win32\Debug\TLibCommon\TComPicYuv.obj"
         "F:\HM-12.0\build\\vc9\Win32\Debug\TLibCommon\TComPicYuvMD5.obj"
         "F:\HM-12.0\build\\vc9\Win32\Debug\TLibCommon\TComPrediction.obj"
         "F:\HM-12.0\build\\vc9\Win32\Debug\TLibCommon\TComRdCost.obj"
         "F:\HM-12.0\build\\vc9\Win32\Debug\TLibCommon\TComRdCostWeightPrediction.obj"
         "F:\HM-12.0\build\\vc9\Win32\Debug\TLibCommon\TComRom.obj"
         "F:\HM-12.0\build\\vc9\Win32\Debug\TLibCommon\TComSampleAdaptiveOffset.obj"
         "F:\HM-12.0\build\\vc9\Win32\Debug\TLibCommon\TComSlice.obj"
         "F:\HM-12.0\build\\vc9\Win32\Debug\TLibCommon\TComTrQuant.obj"
         "F:\HM-12.0\build\\vc9\Win32\Debug\TLibCommon\TComWeightPrediction.obj"
         "F:\HM-12.0\build\\vc9\Win32\Debug\TLibCommon\TComYuv.obj"
         TLibCommon_vc9.vcxproj -> F:\HM-12.0\build\\vc9\Win32\Debug\TLibCommon\TLibCommon.lib
       FinalizeBuildStatus:
         正在删除文件“F:\HM-12.0\build\\vc9\Win32\Debug\TLibCommon\TLibCommon.unsuccessfulbuild”。
         正在对“F:\HM-12.0\build\\vc9\Win32\Debug\TLibCommon\TLibCommon.lastbuildstate”执行 Touch 任务。
     1>已完成生成项目“F:\HM-12.0\build\vc9\TLibCommon_vc9.vcxproj”(build 个目标)的操作。

生成成功。

已用时间 00:00:07.45
