生成启动时间为 2015/4/30 14:55:08。
     1>项目“G:\HM-12.0_modified\build\vc10\TAppEncoder_vc10.vcxproj”在节点 2 上(build 个目标)。
     1>InitializeBuildStatus:
         正在创建“G:\HM-12.0_modified\build\\vc10\Win32\Debug\TAppEncoder\TAppEncoder.unsuccessfulbuild”，因为已指定“AlwaysCreate”。
       ClCompile:
         所有输出均为最新。
       ManifestResourceCompile:
         所有输出均为最新。
       Link:
         c:\Program Files\Microsoft Visual Studio 10.0\VC\bin\link.exe /ERRORREPORT:PROMPT /OUT:"G:\HM-12.0_modified\build\\..\bin\vc10\Win32\Debug\TAppEncoder.exe" /INCREMENTAL /NOLOGO kernel32.lib user32.lib gdi32.lib winspool.lib comdlg32.lib advapi32.lib shell32.lib ole32.lib oleaut32.lib uuid.lib odbc32.lib odbccp32.lib /MANIFEST /ManifestFile:"G:\HM-12.0_modified\build\\vc10\Win32\Debug\TAppEncoder\TAppEncoder.exe.intermediate.manifest" /MANIFESTUAC:"level='asInvoker' uiAccess='false'" /DEBUG /PDB:"G:\HM-12.0_modified\bin\vc10\Win32\Debug\TAppEncoder.pdb" /SUBSYSTEM:CONSOLE /TLBID:1 /DYNAMICBASE /NXCOMPAT /IMPLIB:"G:\HM-12.0_modified\build\\..\bin\vc10\Win32\Debug\TAppEncoder.lib" /MACHINE:X86 "G:\HM-12.0_modified\build\\vc10\Win32\Debug\TAppEncoder\TAppEncoder.exe.embed.manifest.res"
         "G:\HM-12.0_modified\build\\vc10\Win32\Debug\TAppEncoder\encmain.obj"
         "G:\HM-12.0_modified\build\\vc10\Win32\Debug\TAppEncoder\TAppEncCfg.obj"
         "G:\HM-12.0_modified\build\\vc10\Win32\Debug\TAppEncoder\TAppEncTop.obj"
         "G:\HM-12.0_modified\build\vc10\Win32\Debug\TAppCommon\TAppCommon.lib"
         "G:\HM-12.0_modified\build\vc10\Win32\Debug\TLibCommon\TLibCommon.lib"
         "G:\HM-12.0_modified\build\vc10\Win32\Debug\TLibEncoder\TLibEncoder.lib"
         "G:\HM-12.0_modified\build\vc10\Win32\Debug\TLibVideoIo\TLibVideoIO.lib"
       Manifest:
         c:\Program Files\Microsoft SDKs\Windows\v7.0A\bin\mt.exe /nologo /verbose /out:"G:\HM-12.0_modified\build\\vc10\Win32\Debug\TAppEncoder\TAppEncoder.exe.embed.manifest" /manifest "G:\HM-12.0_modified\build\\vc10\Win32\Debug\TAppEncoder\TAppEncoder.exe.intermediate.manifest"
         所有输出均为最新。
       LinkEmbedManifest:
         所有输出均为最新。
         TAppEncoder_vc10.vcxproj -> G:\HM-12.0_modified\build\\..\bin\vc10\Win32\Debug\TAppEncoder.exe
       FinalizeBuildStatus:
         正在删除文件“G:\HM-12.0_modified\build\\vc10\Win32\Debug\TAppEncoder\TAppEncoder.unsuccessfulbuild”。
         正在对“G:\HM-12.0_modified\build\\vc10\Win32\Debug\TAppEncoder\TAppEncoder.lastbuildstate”执行 Touch 任务。
     1>已完成生成项目“G:\HM-12.0_modified\build\vc10\TAppEncoder_vc10.vcxproj”(build 个目标)的操作。

生成成功。

已用时间 00:00:01.53
