G:\HM-12.0_MODIFIED\BIN\VC10\WIN32\DEBUG\TAPPENCODER.EXE
G:\HM-12.0_MODIFIED\BIN\VC10\WIN32\DEBUG\TAPPENCODER.ILK
G:\HM-12.0_MODIFIED\BIN\VC10\WIN32\DEBUG\TAPPENCODER.PDB
G:\HM-12.0_modified\build\\..\bin\vc10\Win32\Debug\TAppEncoder.exe
G:\HM-12.0_modified\build\\..\bin\vc10\Win32\Debug\TAppEncoder.ilk
G:\HM-12.0_modified\build\\..\bin\vc10\Win32\Debug\TAppEncoder.pdb
G:\HM-12.0_modified\build\vc10\Win32\Debug\TAppEncoder\cl.command.1.tlog
G:\HM-12.0_modified\build\vc10\Win32\Debug\TAppEncoder\CL.read.1.tlog
G:\HM-12.0_modified\build\vc10\Win32\Debug\TAppEncoder\CL.write.1.tlog
G:\HM-12.0_MODIFIED\BUILD\VC10\WIN32\DEBUG\TAPPENCODER\ENCMAIN.OBJ
G:\HM-12.0_modified\build\vc10\Win32\Debug\TAppEncoder\link.4588.read.1.tlog
G:\HM-12.0_modified\build\vc10\Win32\Debug\TAppEncoder\link.4588.write.1.tlog
G:\HM-12.0_modified\build\vc10\Win32\Debug\TAppEncoder\link.4588-cvtres.read.1.tlog
G:\HM-12.0_modified\build\vc10\Win32\Debug\TAppEncoder\link.4588-cvtres.write.1.tlog
G:\HM-12.0_modified\build\vc10\Win32\Debug\TAppEncoder\link.command.1.tlog
G:\HM-12.0_modified\build\vc10\Win32\Debug\TAppEncoder\link.read.1.tlog
G:\HM-12.0_modified\build\vc10\Win32\Debug\TAppEncoder\link.write.1.tlog
G:\HM-12.0_modified\build\vc10\Win32\Debug\TAppEncoder\link-cvtres.read.1.tlog
G:\HM-12.0_modified\build\vc10\Win32\Debug\TAppEncoder\link-cvtres.write.1.tlog
G:\HM-12.0_modified\build\vc10\Win32\Debug\TAppEncoder\mt.command.1.tlog
G:\HM-12.0_modified\build\vc10\Win32\Debug\TAppEncoder\mt.read.1.tlog
G:\HM-12.0_modified\build\vc10\Win32\Debug\TAppEncoder\mt.write.1.tlog
G:\HM-12.0_modified\build\vc10\Win32\Debug\TAppEncoder\rc.command.1.tlog
G:\HM-12.0_modified\build\vc10\Win32\Debug\TAppEncoder\rc.read.1.tlog
G:\HM-12.0_modified\build\vc10\Win32\Debug\TAppEncoder\rc.write.1.tlog
G:\HM-12.0_MODIFIED\BUILD\VC10\WIN32\DEBUG\TAPPENCODER\TAPPENCCFG.OBJ
G:\HM-12.0_MODIFIED\BUILD\VC10\WIN32\DEBUG\TAPPENCODER\TAPPENCODER.EXE.EMBED.MANIFEST
G:\HM-12.0_MODIFIED\BUILD\VC10\WIN32\DEBUG\TAPPENCODER\TAPPENCODER.EXE.EMBED.MANIFEST.RES
G:\HM-12.0_MODIFIED\BUILD\VC10\WIN32\DEBUG\TAPPENCODER\TAPPENCODER.EXE.INTERMEDIATE.MANIFEST
G:\HM-12.0_modified\build\vc10\Win32\Debug\TAppEncoder\TAppEncoder.write.1.tlog
G:\HM-12.0_modified\build\vc10\Win32\Debug\TAppEncoder\TAppEncoder_manifest.rc
G:\HM-12.0_modified\build\vc10\Win32\Debug\TAppEncoder\TAppEncoder_vc10.vcxprojResolveAssemblyReference.cache
G:\HM-12.0_MODIFIED\BUILD\VC10\WIN32\DEBUG\TAPPENCODER\TAPPENCTOP.OBJ
G:\HM-12.0_modified\build\vc10\Win32\Debug\TAppEncoder\vc100.idb
G:\HM-12.0_MODIFIED\BUILD\VC10\WIN32\DEBUG\TAPPENCODER\VC100.PDB
