G:\HM-12.0_modified\build\\vc10\Win32\Debug\TLibCommon\TLibCommon.lib
G:\HM-12.0_modified\build\vc10\Win32\Debug\TLibCommon\cl.command.1.tlog
G:\HM-12.0_modified\build\vc10\Win32\Debug\TLibCommon\CL.read.1.tlog
G:\HM-12.0_modified\build\vc10\Win32\Debug\TLibCommon\CL.write.1.tlog
G:\HM-12.0_MODIFIED\BUILD\VC10\WIN32\DEBUG\TLIBCOMMON\CONTEXTMODEL.OBJ
G:\HM-12.0_MODIFIED\BUILD\VC10\WIN32\DEBUG\TLIBCOMMON\CONTEXTMODEL3DBUFFER.OBJ
G:\HM-12.0_modified\build\vc10\Win32\Debug\TLibCommon\lib.command.1.tlog
G:\HM-12.0_modified\build\vc10\Win32\Debug\TLibCommon\Lib-link.read.1.tlog
G:\HM-12.0_modified\build\vc10\Win32\Debug\TLibCommon\Lib-link.write.1.tlog
G:\HM-12.0_MODIFIED\BUILD\VC10\WIN32\DEBUG\TLIBCOMMON\LIBMD5.OBJ
G:\HM-12.0_MODIFIED\BUILD\VC10\WIN32\DEBUG\TLIBCOMMON\SEI.OBJ
G:\HM-12.0_MODIFIED\BUILD\VC10\WIN32\DEBUG\TLIBCOMMON\TCOMBITSTREAM.OBJ
G:\HM-12.0_MODIFIED\BUILD\VC10\WIN32\DEBUG\TLIBCOMMON\TCOMCABACTABLES.OBJ
G:\HM-12.0_MODIFIED\BUILD\VC10\WIN32\DEBUG\TLIBCOMMON\TCOMDATACU.OBJ
G:\HM-12.0_MODIFIED\BUILD\VC10\WIN32\DEBUG\TLIBCOMMON\TCOMINTERPOLATIONFILTER.OBJ
G:\HM-12.0_MODIFIED\BUILD\VC10\WIN32\DEBUG\TLIBCOMMON\TCOMLOOPFILTER.OBJ
G:\HM-12.0_MODIFIED\BUILD\VC10\WIN32\DEBUG\TLIBCOMMON\TCOMMOTIONINFO.OBJ
G:\HM-12.0_MODIFIED\BUILD\VC10\WIN32\DEBUG\TLIBCOMMON\TCOMPATTERN.OBJ
G:\HM-12.0_MODIFIED\BUILD\VC10\WIN32\DEBUG\TLIBCOMMON\TCOMPIC.OBJ
G:\HM-12.0_MODIFIED\BUILD\VC10\WIN32\DEBUG\TLIBCOMMON\TCOMPICSYM.OBJ
G:\HM-12.0_MODIFIED\BUILD\VC10\WIN32\DEBUG\TLIBCOMMON\TCOMPICYUV.OBJ
G:\HM-12.0_MODIFIED\BUILD\VC10\WIN32\DEBUG\TLIBCOMMON\TCOMPICYUVMD5.OBJ
G:\HM-12.0_MODIFIED\BUILD\VC10\WIN32\DEBUG\TLIBCOMMON\TCOMPREDICTION.OBJ
G:\HM-12.0_MODIFIED\BUILD\VC10\WIN32\DEBUG\TLIBCOMMON\TCOMRDCOST.OBJ
G:\HM-12.0_MODIFIED\BUILD\VC10\WIN32\DEBUG\TLIBCOMMON\TCOMRDCOSTWEIGHTPREDICTION.OBJ
G:\HM-12.0_MODIFIED\BUILD\VC10\WIN32\DEBUG\TLIBCOMMON\TCOMROM.OBJ
G:\HM-12.0_MODIFIED\BUILD\VC10\WIN32\DEBUG\TLIBCOMMON\TCOMSAMPLEADAPTIVEOFFSET.OBJ
G:\HM-12.0_MODIFIED\BUILD\VC10\WIN32\DEBUG\TLIBCOMMON\TCOMSLICE.OBJ
G:\HM-12.0_MODIFIED\BUILD\VC10\WIN32\DEBUG\TLIBCOMMON\TCOMTRQUANT.OBJ
G:\HM-12.0_MODIFIED\BUILD\VC10\WIN32\DEBUG\TLIBCOMMON\TCOMWEIGHTPREDICTION.OBJ
G:\HM-12.0_MODIFIED\BUILD\VC10\WIN32\DEBUG\TLIBCOMMON\TCOMYUV.OBJ
G:\HM-12.0_MODIFIED\BUILD\VC10\WIN32\DEBUG\TLIBCOMMON\TLIBCOMMON.LIB
G:\HM-12.0_modified\build\vc10\Win32\Debug\TLibCommon\TLibCommon.write.1.tlog
G:\HM-12.0_modified\build\vc10\Win32\Debug\TLibCommon\vc100.idb
G:\HM-12.0_MODIFIED\BUILD\VC10\WIN32\DEBUG\TLIBCOMMON\VC100.PDB
